INFO - 2024-08-20 12:39:36 --> Session: Class initialized using 'CodeIgniter\Session\Handlers\FileHandler' driver.
INFO - 2024-08-20 12:39:39 --> Session: Class initialized using 'CodeIgniter\Session\Handlers\FileHandler' driver.
INFO - 2024-08-20 12:39:46 --> Session: Class initialized using 'CodeIgniter\Session\Handlers\FileHandler' driver.
INFO - 2024-08-20 12:39:46 --> Session: Class initialized using 'CodeIgniter\Session\Handlers\FileHandler' driver.
INFO - 2024-08-20 12:42:53 --> Session: Class initialized using 'CodeIgniter\Session\Handlers\FileHandler' driver.
CRITICAL - 2024-08-20 12:42:55 --> Error: Object of class CodeIgniter\Database\MySQLi\Result could not be converted to string
[Method: GET, Route: stats]
in APPPATH\Views\stats.php on line 24.
 1 SYSTEMPATH\View\View.php(234): include()
 2 SYSTEMPATH\View\View.php(237): CodeIgniter\View\View->CodeIgniter\View\{closure}()
 3 SYSTEMPATH\Common.php(1169): CodeIgniter\View\View->render('stats', [], true)
 4 APPPATH\Controllers\Main.php(349): view('stats', [...])
 5 SYSTEMPATH\CodeIgniter.php(933): App\Controllers\Main->stats()
 6 SYSTEMPATH\CodeIgniter.php(509): CodeIgniter\CodeIgniter->runController(Object(App\Controllers\Main))
 7 SYSTEMPATH\CodeIgniter.php(355): CodeIgniter\CodeIgniter->handleRequest(null, Object(Config\Cache), false)
 8 SYSTEMPATH\Boot.php(325): CodeIgniter\CodeIgniter->run()
 9 SYSTEMPATH\Boot.php(67): CodeIgniter\Boot::runCodeIgniter(Object(CodeIgniter\CodeIgniter))
10 FCPATH\index.php(56): CodeIgniter\Boot::bootWeb(Object(Config\Paths))
ERROR - 2024-08-20 13:02:26 --> mysqli_sql_exception: You have an error in your SQL syntax; check the manual that corresponds to your MySQL server version for the right syntax to use near 'SELECT SUM(usuarios.opcao) FROM usuarios GROUP BY opcao
FROM `usuarios`' at line 1 in C:\laragon\www\framework\system\Database\MySQLi\Connection.php:312
Stack trace:
#0 C:\laragon\www\framework\system\Database\MySQLi\Connection.php(312): mysqli->query('SELECT SELECT S...', 0)
#1 C:\laragon\www\framework\system\Database\BaseConnection.php(734): CodeIgniter\Database\MySQLi\Connection->execute('SELECT SELECT S...')
#2 C:\laragon\www\framework\system\Database\BaseConnection.php(648): CodeIgniter\Database\BaseConnection->simpleQuery('SELECT SELECT S...')
#3 C:\laragon\www\framework\system\Database\BaseBuilder.php(1644): CodeIgniter\Database\BaseConnection->query('SELECT SELECT S...', Array, false)
#4 C:\laragon\www\framework\app\Controllers\Main.php(334): CodeIgniter\Database\BaseBuilder->get()
#5 C:\laragon\www\framework\system\CodeIgniter.php(933): App\Controllers\Main->stats()
#6 C:\laragon\www\framework\system\CodeIgniter.php(509): CodeIgniter\CodeIgniter->runController(Object(App\Controllers\Main))
#7 C:\laragon\www\framework\system\CodeIgniter.php(355): CodeIgniter\CodeIgniter->handleRequest(NULL, Object(Config\Cache), false)
#8 C:\laragon\www\framework\system\Boot.php(325): CodeIgniter\CodeIgniter->run()
#9 C:\laragon\www\framework\system\Boot.php(67): CodeIgniter\Boot::runCodeIgniter(Object(CodeIgniter\CodeIgniter))
#10 C:\laragon\www\framework\public\index.php(56): CodeIgniter\Boot::bootWeb(Object(Config\Paths))
#11 {main}
CRITICAL - 2024-08-20 13:02:26 --> CodeIgniter\Database\Exceptions\DatabaseException: You have an error in your SQL syntax; check the manual that corresponds to your MySQL server version for the right syntax to use near 'SELECT SUM(usuarios.opcao) FROM usuarios GROUP BY opcao
FROM `usuarios`' at line 1
[Method: GET, Route: stats]
in SYSTEMPATH\Database\BaseConnection.php on line 688.
 1 SYSTEMPATH\Database\BaseBuilder.php(1644): CodeIgniter\Database\BaseConnection->query('SELECT SELECT SUM(usuarios.opcao) FROM usuarios GROUP BY opcao
FROM `usuarios`', [], false)
 2 APPPATH\Controllers\Main.php(334): CodeIgniter\Database\BaseBuilder->get()
 3 SYSTEMPATH\CodeIgniter.php(933): App\Controllers\Main->stats()
 4 SYSTEMPATH\CodeIgniter.php(509): CodeIgniter\CodeIgniter->runController(Object(App\Controllers\Main))
 5 SYSTEMPATH\CodeIgniter.php(355): CodeIgniter\CodeIgniter->handleRequest(null, Object(Config\Cache), false)
 6 SYSTEMPATH\Boot.php(325): CodeIgniter\CodeIgniter->run()
 7 SYSTEMPATH\Boot.php(67): CodeIgniter\Boot::runCodeIgniter(Object(CodeIgniter\CodeIgniter))
 8 FCPATH\index.php(56): CodeIgniter\Boot::bootWeb(Object(Config\Paths))
CRITICAL - 2024-08-20 13:02:26 --> [Caused by] CodeIgniter\Database\Exceptions\DatabaseException: You have an error in your SQL syntax; check the manual that corresponds to your MySQL server version for the right syntax to use near 'SELECT SUM(usuarios.opcao) FROM usuarios GROUP BY opcao
FROM `usuarios`' at line 1
in SYSTEMPATH\Database\MySQLi\Connection.php on line 317.
 1 SYSTEMPATH\Database\BaseConnection.php(734): CodeIgniter\Database\MySQLi\Connection->execute('SELECT SELECT SUM(usuarios.opcao) FROM usuarios GROUP BY opcao
FROM `usuarios`')
 2 SYSTEMPATH\Database\BaseConnection.php(648): CodeIgniter\Database\BaseConnection->simpleQuery('SELECT SELECT SUM(usuarios.opcao) FROM usuarios GROUP BY opcao
FROM `usuarios`')
 3 SYSTEMPATH\Database\BaseBuilder.php(1644): CodeIgniter\Database\BaseConnection->query('SELECT SELECT SUM(usuarios.opcao) FROM usuarios GROUP BY opcao
FROM `usuarios`', [], false)
 4 APPPATH\Controllers\Main.php(334): CodeIgniter\Database\BaseBuilder->get()
 5 SYSTEMPATH\CodeIgniter.php(933): App\Controllers\Main->stats()
 6 SYSTEMPATH\CodeIgniter.php(509): CodeIgniter\CodeIgniter->runController(Object(App\Controllers\Main))
 7 SYSTEMPATH\CodeIgniter.php(355): CodeIgniter\CodeIgniter->handleRequest(null, Object(Config\Cache), false)
 8 SYSTEMPATH\Boot.php(325): CodeIgniter\CodeIgniter->run()
 9 SYSTEMPATH\Boot.php(67): CodeIgniter\Boot::runCodeIgniter(Object(CodeIgniter\CodeIgniter))
10 FCPATH\index.php(56): CodeIgniter\Boot::bootWeb(Object(Config\Paths))
CRITICAL - 2024-08-20 13:02:26 --> [Caused by] mysqli_sql_exception: You have an error in your SQL syntax; check the manual that corresponds to your MySQL server version for the right syntax to use near 'SELECT SUM(usuarios.opcao) FROM usuarios GROUP BY opcao
FROM `usuarios`' at line 1
in SYSTEMPATH\Database\MySQLi\Connection.php on line 312.
 1 SYSTEMPATH\Database\MySQLi\Connection.php(312): mysqli->query('SELECT SELECT SUM(usuarios.opcao) FROM usuarios GROUP BY opcao
FROM `usuarios`', 0)
 2 SYSTEMPATH\Database\BaseConnection.php(734): CodeIgniter\Database\MySQLi\Connection->execute('SELECT SELECT SUM(usuarios.opcao) FROM usuarios GROUP BY opcao
FROM `usuarios`')
 3 SYSTEMPATH\Database\BaseConnection.php(648): CodeIgniter\Database\BaseConnection->simpleQuery('SELECT SELECT SUM(usuarios.opcao) FROM usuarios GROUP BY opcao
FROM `usuarios`')
 4 SYSTEMPATH\Database\BaseBuilder.php(1644): CodeIgniter\Database\BaseConnection->query('SELECT SELECT SUM(usuarios.opcao) FROM usuarios GROUP BY opcao
FROM `usuarios`', [], false)
 5 APPPATH\Controllers\Main.php(334): CodeIgniter\Database\BaseBuilder->get()
 6 SYSTEMPATH\CodeIgniter.php(933): App\Controllers\Main->stats()
 7 SYSTEMPATH\CodeIgniter.php(509): CodeIgniter\CodeIgniter->runController(Object(App\Controllers\Main))
 8 SYSTEMPATH\CodeIgniter.php(355): CodeIgniter\CodeIgniter->handleRequest(null, Object(Config\Cache), false)
 9 SYSTEMPATH\Boot.php(325): CodeIgniter\CodeIgniter->run()
10 SYSTEMPATH\Boot.php(67): CodeIgniter\Boot::runCodeIgniter(Object(CodeIgniter\CodeIgniter))
11 FCPATH\index.php(56): CodeIgniter\Boot::bootWeb(Object(Config\Paths))
ERROR - 2024-08-20 13:03:24 --> mysqli_sql_exception: You have an error in your SQL syntax; check the manual that corresponds to your MySQL server version for the right syntax to use near 'SELECT SUM(opcao) FROM usuarios GROUP BY opcao
FROM `usuarios`' at line 1 in C:\laragon\www\framework\system\Database\MySQLi\Connection.php:312
Stack trace:
#0 C:\laragon\www\framework\system\Database\MySQLi\Connection.php(312): mysqli->query('SELECT SELECT S...', 0)
#1 C:\laragon\www\framework\system\Database\BaseConnection.php(734): CodeIgniter\Database\MySQLi\Connection->execute('SELECT SELECT S...')
#2 C:\laragon\www\framework\system\Database\BaseConnection.php(648): CodeIgniter\Database\BaseConnection->simpleQuery('SELECT SELECT S...')
#3 C:\laragon\www\framework\system\Database\BaseBuilder.php(1644): CodeIgniter\Database\BaseConnection->query('SELECT SELECT S...', Array, false)
#4 C:\laragon\www\framework\app\Controllers\Main.php(334): CodeIgniter\Database\BaseBuilder->get()
#5 C:\laragon\www\framework\system\CodeIgniter.php(933): App\Controllers\Main->stats()
#6 C:\laragon\www\framework\system\CodeIgniter.php(509): CodeIgniter\CodeIgniter->runController(Object(App\Controllers\Main))
#7 C:\laragon\www\framework\system\CodeIgniter.php(355): CodeIgniter\CodeIgniter->handleRequest(NULL, Object(Config\Cache), false)
#8 C:\laragon\www\framework\system\Boot.php(325): CodeIgniter\CodeIgniter->run()
#9 C:\laragon\www\framework\system\Boot.php(67): CodeIgniter\Boot::runCodeIgniter(Object(CodeIgniter\CodeIgniter))
#10 C:\laragon\www\framework\public\index.php(56): CodeIgniter\Boot::bootWeb(Object(Config\Paths))
#11 {main}
CRITICAL - 2024-08-20 13:03:24 --> CodeIgniter\Database\Exceptions\DatabaseException: You have an error in your SQL syntax; check the manual that corresponds to your MySQL server version for the right syntax to use near 'SELECT SUM(opcao) FROM usuarios GROUP BY opcao
FROM `usuarios`' at line 1
[Method: GET, Route: stats]
in SYSTEMPATH\Database\BaseConnection.php on line 688.
 1 SYSTEMPATH\Database\BaseBuilder.php(1644): CodeIgniter\Database\BaseConnection->query('SELECT SELECT SUM(opcao) FROM usuarios GROUP BY opcao
FROM `usuarios`', [], false)
 2 APPPATH\Controllers\Main.php(334): CodeIgniter\Database\BaseBuilder->get()
 3 SYSTEMPATH\CodeIgniter.php(933): App\Controllers\Main->stats()
 4 SYSTEMPATH\CodeIgniter.php(509): CodeIgniter\CodeIgniter->runController(Object(App\Controllers\Main))
 5 SYSTEMPATH\CodeIgniter.php(355): CodeIgniter\CodeIgniter->handleRequest(null, Object(Config\Cache), false)
 6 SYSTEMPATH\Boot.php(325): CodeIgniter\CodeIgniter->run()
 7 SYSTEMPATH\Boot.php(67): CodeIgniter\Boot::runCodeIgniter(Object(CodeIgniter\CodeIgniter))
 8 FCPATH\index.php(56): CodeIgniter\Boot::bootWeb(Object(Config\Paths))
CRITICAL - 2024-08-20 13:03:24 --> [Caused by] CodeIgniter\Database\Exceptions\DatabaseException: You have an error in your SQL syntax; check the manual that corresponds to your MySQL server version for the right syntax to use near 'SELECT SUM(opcao) FROM usuarios GROUP BY opcao
FROM `usuarios`' at line 1
in SYSTEMPATH\Database\MySQLi\Connection.php on line 317.
 1 SYSTEMPATH\Database\BaseConnection.php(734): CodeIgniter\Database\MySQLi\Connection->execute('SELECT SELECT SUM(opcao) FROM usuarios GROUP BY opcao
FROM `usuarios`')
 2 SYSTEMPATH\Database\BaseConnection.php(648): CodeIgniter\Database\BaseConnection->simpleQuery('SELECT SELECT SUM(opcao) FROM usuarios GROUP BY opcao
FROM `usuarios`')
 3 SYSTEMPATH\Database\BaseBuilder.php(1644): CodeIgniter\Database\BaseConnection->query('SELECT SELECT SUM(opcao) FROM usuarios GROUP BY opcao
FROM `usuarios`', [], false)
 4 APPPATH\Controllers\Main.php(334): CodeIgniter\Database\BaseBuilder->get()
 5 SYSTEMPATH\CodeIgniter.php(933): App\Controllers\Main->stats()
 6 SYSTEMPATH\CodeIgniter.php(509): CodeIgniter\CodeIgniter->runController(Object(App\Controllers\Main))
 7 SYSTEMPATH\CodeIgniter.php(355): CodeIgniter\CodeIgniter->handleRequest(null, Object(Config\Cache), false)
 8 SYSTEMPATH\Boot.php(325): CodeIgniter\CodeIgniter->run()
 9 SYSTEMPATH\Boot.php(67): CodeIgniter\Boot::runCodeIgniter(Object(CodeIgniter\CodeIgniter))
10 FCPATH\index.php(56): CodeIgniter\Boot::bootWeb(Object(Config\Paths))
CRITICAL - 2024-08-20 13:03:24 --> [Caused by] mysqli_sql_exception: You have an error in your SQL syntax; check the manual that corresponds to your MySQL server version for the right syntax to use near 'SELECT SUM(opcao) FROM usuarios GROUP BY opcao
FROM `usuarios`' at line 1
in SYSTEMPATH\Database\MySQLi\Connection.php on line 312.
 1 SYSTEMPATH\Database\MySQLi\Connection.php(312): mysqli->query('SELECT SELECT SUM(opcao) FROM usuarios GROUP BY opcao
FROM `usuarios`', 0)
 2 SYSTEMPATH\Database\BaseConnection.php(734): CodeIgniter\Database\MySQLi\Connection->execute('SELECT SELECT SUM(opcao) FROM usuarios GROUP BY opcao
FROM `usuarios`')
 3 SYSTEMPATH\Database\BaseConnection.php(648): CodeIgniter\Database\BaseConnection->simpleQuery('SELECT SELECT SUM(opcao) FROM usuarios GROUP BY opcao
FROM `usuarios`')
 4 SYSTEMPATH\Database\BaseBuilder.php(1644): CodeIgniter\Database\BaseConnection->query('SELECT SELECT SUM(opcao) FROM usuarios GROUP BY opcao
FROM `usuarios`', [], false)
 5 APPPATH\Controllers\Main.php(334): CodeIgniter\Database\BaseBuilder->get()
 6 SYSTEMPATH\CodeIgniter.php(933): App\Controllers\Main->stats()
 7 SYSTEMPATH\CodeIgniter.php(509): CodeIgniter\CodeIgniter->runController(Object(App\Controllers\Main))
 8 SYSTEMPATH\CodeIgniter.php(355): CodeIgniter\CodeIgniter->handleRequest(null, Object(Config\Cache), false)
 9 SYSTEMPATH\Boot.php(325): CodeIgniter\CodeIgniter->run()
10 SYSTEMPATH\Boot.php(67): CodeIgniter\Boot::runCodeIgniter(Object(CodeIgniter\CodeIgniter))
11 FCPATH\index.php(56): CodeIgniter\Boot::bootWeb(Object(Config\Paths))
INFO - 2024-08-20 13:03:29 --> Session: Class initialized using 'CodeIgniter\Session\Handlers\FileHandler' driver.
ERROR - 2024-08-20 13:03:31 --> mysqli_sql_exception: You have an error in your SQL syntax; check the manual that corresponds to your MySQL server version for the right syntax to use near 'SELECT SUM(opcao) FROM usuarios GROUP BY opcao
FROM `usuarios`' at line 1 in C:\laragon\www\framework\system\Database\MySQLi\Connection.php:312
Stack trace:
#0 C:\laragon\www\framework\system\Database\MySQLi\Connection.php(312): mysqli->query('SELECT SELECT S...', 0)
#1 C:\laragon\www\framework\system\Database\BaseConnection.php(734): CodeIgniter\Database\MySQLi\Connection->execute('SELECT SELECT S...')
#2 C:\laragon\www\framework\system\Database\BaseConnection.php(648): CodeIgniter\Database\BaseConnection->simpleQuery('SELECT SELECT S...')
#3 C:\laragon\www\framework\system\Database\BaseBuilder.php(1644): CodeIgniter\Database\BaseConnection->query('SELECT SELECT S...', Array, false)
#4 C:\laragon\www\framework\app\Controllers\Main.php(334): CodeIgniter\Database\BaseBuilder->get()
#5 C:\laragon\www\framework\system\CodeIgniter.php(933): App\Controllers\Main->stats()
#6 C:\laragon\www\framework\system\CodeIgniter.php(509): CodeIgniter\CodeIgniter->runController(Object(App\Controllers\Main))
#7 C:\laragon\www\framework\system\CodeIgniter.php(355): CodeIgniter\CodeIgniter->handleRequest(NULL, Object(Config\Cache), false)
#8 C:\laragon\www\framework\system\Boot.php(325): CodeIgniter\CodeIgniter->run()
#9 C:\laragon\www\framework\system\Boot.php(67): CodeIgniter\Boot::runCodeIgniter(Object(CodeIgniter\CodeIgniter))
#10 C:\laragon\www\framework\public\index.php(56): CodeIgniter\Boot::bootWeb(Object(Config\Paths))
#11 {main}
CRITICAL - 2024-08-20 13:03:31 --> CodeIgniter\Database\Exceptions\DatabaseException: You have an error in your SQL syntax; check the manual that corresponds to your MySQL server version for the right syntax to use near 'SELECT SUM(opcao) FROM usuarios GROUP BY opcao
FROM `usuarios`' at line 1
[Method: GET, Route: stats]
in SYSTEMPATH\Database\BaseConnection.php on line 688.
 1 SYSTEMPATH\Database\BaseBuilder.php(1644): CodeIgniter\Database\BaseConnection->query('SELECT SELECT SUM(opcao) FROM usuarios GROUP BY opcao
FROM `usuarios`', [], false)
 2 APPPATH\Controllers\Main.php(334): CodeIgniter\Database\BaseBuilder->get()
 3 SYSTEMPATH\CodeIgniter.php(933): App\Controllers\Main->stats()
 4 SYSTEMPATH\CodeIgniter.php(509): CodeIgniter\CodeIgniter->runController(Object(App\Controllers\Main))
 5 SYSTEMPATH\CodeIgniter.php(355): CodeIgniter\CodeIgniter->handleRequest(null, Object(Config\Cache), false)
 6 SYSTEMPATH\Boot.php(325): CodeIgniter\CodeIgniter->run()
 7 SYSTEMPATH\Boot.php(67): CodeIgniter\Boot::runCodeIgniter(Object(CodeIgniter\CodeIgniter))
 8 FCPATH\index.php(56): CodeIgniter\Boot::bootWeb(Object(Config\Paths))
CRITICAL - 2024-08-20 13:03:31 --> [Caused by] CodeIgniter\Database\Exceptions\DatabaseException: You have an error in your SQL syntax; check the manual that corresponds to your MySQL server version for the right syntax to use near 'SELECT SUM(opcao) FROM usuarios GROUP BY opcao
FROM `usuarios`' at line 1
in SYSTEMPATH\Database\MySQLi\Connection.php on line 317.
 1 SYSTEMPATH\Database\BaseConnection.php(734): CodeIgniter\Database\MySQLi\Connection->execute('SELECT SELECT SUM(opcao) FROM usuarios GROUP BY opcao
FROM `usuarios`')
 2 SYSTEMPATH\Database\BaseConnection.php(648): CodeIgniter\Database\BaseConnection->simpleQuery('SELECT SELECT SUM(opcao) FROM usuarios GROUP BY opcao
FROM `usuarios`')
 3 SYSTEMPATH\Database\BaseBuilder.php(1644): CodeIgniter\Database\BaseConnection->query('SELECT SELECT SUM(opcao) FROM usuarios GROUP BY opcao
FROM `usuarios`', [], false)
 4 APPPATH\Controllers\Main.php(334): CodeIgniter\Database\BaseBuilder->get()
 5 SYSTEMPATH\CodeIgniter.php(933): App\Controllers\Main->stats()
 6 SYSTEMPATH\CodeIgniter.php(509): CodeIgniter\CodeIgniter->runController(Object(App\Controllers\Main))
 7 SYSTEMPATH\CodeIgniter.php(355): CodeIgniter\CodeIgniter->handleRequest(null, Object(Config\Cache), false)
 8 SYSTEMPATH\Boot.php(325): CodeIgniter\CodeIgniter->run()
 9 SYSTEMPATH\Boot.php(67): CodeIgniter\Boot::runCodeIgniter(Object(CodeIgniter\CodeIgniter))
10 FCPATH\index.php(56): CodeIgniter\Boot::bootWeb(Object(Config\Paths))
CRITICAL - 2024-08-20 13:03:31 --> [Caused by] mysqli_sql_exception: You have an error in your SQL syntax; check the manual that corresponds to your MySQL server version for the right syntax to use near 'SELECT SUM(opcao) FROM usuarios GROUP BY opcao
FROM `usuarios`' at line 1
in SYSTEMPATH\Database\MySQLi\Connection.php on line 312.
 1 SYSTEMPATH\Database\MySQLi\Connection.php(312): mysqli->query('SELECT SELECT SUM(opcao) FROM usuarios GROUP BY opcao
FROM `usuarios`', 0)
 2 SYSTEMPATH\Database\BaseConnection.php(734): CodeIgniter\Database\MySQLi\Connection->execute('SELECT SELECT SUM(opcao) FROM usuarios GROUP BY opcao
FROM `usuarios`')
 3 SYSTEMPATH\Database\BaseConnection.php(648): CodeIgniter\Database\BaseConnection->simpleQuery('SELECT SELECT SUM(opcao) FROM usuarios GROUP BY opcao
FROM `usuarios`')
 4 SYSTEMPATH\Database\BaseBuilder.php(1644): CodeIgniter\Database\BaseConnection->query('SELECT SELECT SUM(opcao) FROM usuarios GROUP BY opcao
FROM `usuarios`', [], false)
 5 APPPATH\Controllers\Main.php(334): CodeIgniter\Database\BaseBuilder->get()
 6 SYSTEMPATH\CodeIgniter.php(933): App\Controllers\Main->stats()
 7 SYSTEMPATH\CodeIgniter.php(509): CodeIgniter\CodeIgniter->runController(Object(App\Controllers\Main))
 8 SYSTEMPATH\CodeIgniter.php(355): CodeIgniter\CodeIgniter->handleRequest(null, Object(Config\Cache), false)
 9 SYSTEMPATH\Boot.php(325): CodeIgniter\CodeIgniter->run()
10 SYSTEMPATH\Boot.php(67): CodeIgniter\Boot::runCodeIgniter(Object(CodeIgniter\CodeIgniter))
11 FCPATH\index.php(56): CodeIgniter\Boot::bootWeb(Object(Config\Paths))
CRITICAL - 2024-08-20 13:24:36 --> Error: Object of class CodeIgniter\Database\MySQLi\Result could not be converted to string
[Method: GET, Route: stats]
in APPPATH\Views\stats.php on line 24.
 1 SYSTEMPATH\View\View.php(234): include()
 2 SYSTEMPATH\View\View.php(237): CodeIgniter\View\View->CodeIgniter\View\{closure}()
 3 SYSTEMPATH\Common.php(1169): CodeIgniter\View\View->render('stats', [], true)
 4 APPPATH\Controllers\Main.php(349): view('stats', [...])
 5 SYSTEMPATH\CodeIgniter.php(933): App\Controllers\Main->stats()
 6 SYSTEMPATH\CodeIgniter.php(509): CodeIgniter\CodeIgniter->runController(Object(App\Controllers\Main))
 7 SYSTEMPATH\CodeIgniter.php(355): CodeIgniter\CodeIgniter->handleRequest(null, Object(Config\Cache), false)
 8 SYSTEMPATH\Boot.php(325): CodeIgniter\CodeIgniter->run()
 9 SYSTEMPATH\Boot.php(67): CodeIgniter\Boot::runCodeIgniter(Object(CodeIgniter\CodeIgniter))
10 FCPATH\index.php(56): CodeIgniter\Boot::bootWeb(Object(Config\Paths))
CRITICAL - 2024-08-20 13:27:45 --> TypeError: mysqli_fetch_array(): Argument #1 ($result) must be of type mysqli_result, CodeIgniter\Database\MySQLi\Result given
[Method: GET, Route: stats]
in APPPATH\Controllers\Main.php on line 332.
 1 APPPATH\Controllers\Main.php(332): mysqli_fetch_array(Object(CodeIgniter\Database\MySQLi\Result))
 2 SYSTEMPATH\CodeIgniter.php(933): App\Controllers\Main->stats()
 3 SYSTEMPATH\CodeIgniter.php(509): CodeIgniter\CodeIgniter->runController(Object(App\Controllers\Main))
 4 SYSTEMPATH\CodeIgniter.php(355): CodeIgniter\CodeIgniter->handleRequest(null, Object(Config\Cache), false)
 5 SYSTEMPATH\Boot.php(325): CodeIgniter\CodeIgniter->run()
 6 SYSTEMPATH\Boot.php(67): CodeIgniter\Boot::runCodeIgniter(Object(CodeIgniter\CodeIgniter))
 7 FCPATH\index.php(56): CodeIgniter\Boot::bootWeb(Object(Config\Paths))
CRITICAL - 2024-08-20 14:06:37 --> ErrorException: Array to string conversion
[Method: GET, Route: stats]
in APPPATH\Views\stats.php on line 24.
 1 APPPATH\Views\stats.php(24): CodeIgniter\Debug\Exceptions->errorHandler(2, 'Array to string conversion', 'C:\\laragon\\www\\framework\\app\\Views\\stats.php', 24)
 2 SYSTEMPATH\View\View.php(234): include('C:\\laragon\\www\\framework\\app\\Views\\stats.php')
 3 SYSTEMPATH\View\View.php(237): CodeIgniter\View\View->CodeIgniter\View\{closure}()
 4 SYSTEMPATH\Common.php(1169): CodeIgniter\View\View->render('stats', [], true)
 5 APPPATH\Controllers\Main.php(352): view('stats', [...])
 6 SYSTEMPATH\CodeIgniter.php(933): App\Controllers\Main->stats()
 7 SYSTEMPATH\CodeIgniter.php(509): CodeIgniter\CodeIgniter->runController(Object(App\Controllers\Main))
 8 SYSTEMPATH\CodeIgniter.php(355): CodeIgniter\CodeIgniter->handleRequest(null, Object(Config\Cache), false)
 9 SYSTEMPATH\Boot.php(325): CodeIgniter\CodeIgniter->run()
10 SYSTEMPATH\Boot.php(67): CodeIgniter\Boot::runCodeIgniter(Object(CodeIgniter\CodeIgniter))
11 FCPATH\index.php(56): CodeIgniter\Boot::bootWeb(Object(Config\Paths))
CRITICAL - 2024-08-20 14:07:17 --> Error: Object of class stdClass could not be converted to string
[Method: GET, Route: stats]
in APPPATH\Controllers\Main.php on line 348.
 1 APPPATH\Controllers\Main.php(348): implode('","', [...])
 2 SYSTEMPATH\CodeIgniter.php(933): App\Controllers\Main->stats()
 3 SYSTEMPATH\CodeIgniter.php(509): CodeIgniter\CodeIgniter->runController(Object(App\Controllers\Main))
 4 SYSTEMPATH\CodeIgniter.php(355): CodeIgniter\CodeIgniter->handleRequest(null, Object(Config\Cache), false)
 5 SYSTEMPATH\Boot.php(325): CodeIgniter\CodeIgniter->run()
 6 SYSTEMPATH\Boot.php(67): CodeIgniter\Boot::runCodeIgniter(Object(CodeIgniter\CodeIgniter))
 7 FCPATH\index.php(56): CodeIgniter\Boot::bootWeb(Object(Config\Paths))
CRITICAL - 2024-08-20 14:15:34 --> Error: Object of class stdClass could not be converted to string
[Method: GET, Route: stats]
in APPPATH\Controllers\Main.php on line 348.
 1 APPPATH\Controllers\Main.php(348): implode('","', [...])
 2 SYSTEMPATH\CodeIgniter.php(933): App\Controllers\Main->stats()
 3 SYSTEMPATH\CodeIgniter.php(509): CodeIgniter\CodeIgniter->runController(Object(App\Controllers\Main))
 4 SYSTEMPATH\CodeIgniter.php(355): CodeIgniter\CodeIgniter->handleRequest(null, Object(Config\Cache), false)
 5 SYSTEMPATH\Boot.php(325): CodeIgniter\CodeIgniter->run()
 6 SYSTEMPATH\Boot.php(67): CodeIgniter\Boot::runCodeIgniter(Object(CodeIgniter\CodeIgniter))
 7 FCPATH\index.php(56): CodeIgniter\Boot::bootWeb(Object(Config\Paths))
CRITICAL - 2024-08-20 14:15:36 --> Error: Object of class stdClass could not be converted to string
[Method: GET, Route: stats]
in APPPATH\Controllers\Main.php on line 348.
 1 APPPATH\Controllers\Main.php(348): implode('","', [...])
 2 SYSTEMPATH\CodeIgniter.php(933): App\Controllers\Main->stats()
 3 SYSTEMPATH\CodeIgniter.php(509): CodeIgniter\CodeIgniter->runController(Object(App\Controllers\Main))
 4 SYSTEMPATH\CodeIgniter.php(355): CodeIgniter\CodeIgniter->handleRequest(null, Object(Config\Cache), false)
 5 SYSTEMPATH\Boot.php(325): CodeIgniter\CodeIgniter->run()
 6 SYSTEMPATH\Boot.php(67): CodeIgniter\Boot::runCodeIgniter(Object(CodeIgniter\CodeIgniter))
 7 FCPATH\index.php(56): CodeIgniter\Boot::bootWeb(Object(Config\Paths))
CRITICAL - 2024-08-20 14:15:38 --> Error: Object of class stdClass could not be converted to string
[Method: GET, Route: stats]
in APPPATH\Controllers\Main.php on line 348.
 1 APPPATH\Controllers\Main.php(348): implode('","', [...])
 2 SYSTEMPATH\CodeIgniter.php(933): App\Controllers\Main->stats()
 3 SYSTEMPATH\CodeIgniter.php(509): CodeIgniter\CodeIgniter->runController(Object(App\Controllers\Main))
 4 SYSTEMPATH\CodeIgniter.php(355): CodeIgniter\CodeIgniter->handleRequest(null, Object(Config\Cache), false)
 5 SYSTEMPATH\Boot.php(325): CodeIgniter\CodeIgniter->run()
 6 SYSTEMPATH\Boot.php(67): CodeIgniter\Boot::runCodeIgniter(Object(CodeIgniter\CodeIgniter))
 7 FCPATH\index.php(56): CodeIgniter\Boot::bootWeb(Object(Config\Paths))
CRITICAL - 2024-08-20 14:16:01 --> ErrorException: Undefined variable $chart_totals
[Method: GET, Route: stats]
in APPPATH\Views\stats.php on line 24.
 1 APPPATH\Views\stats.php(24): CodeIgniter\Debug\Exceptions->errorHandler(2, 'Undefined variable $chart_totals', 'C:\\laragon\\www\\framework\\app\\Views\\stats.php', 24)
 2 SYSTEMPATH\View\View.php(234): include('C:\\laragon\\www\\framework\\app\\Views\\stats.php')
 3 SYSTEMPATH\View\View.php(237): CodeIgniter\View\View->CodeIgniter\View\{closure}()
 4 SYSTEMPATH\Common.php(1169): CodeIgniter\View\View->render('stats', [], true)
 5 APPPATH\Controllers\Main.php(352): view('stats', [...])
 6 SYSTEMPATH\CodeIgniter.php(933): App\Controllers\Main->stats()
 7 SYSTEMPATH\CodeIgniter.php(509): CodeIgniter\CodeIgniter->runController(Object(App\Controllers\Main))
 8 SYSTEMPATH\CodeIgniter.php(355): CodeIgniter\CodeIgniter->handleRequest(null, Object(Config\Cache), false)
 9 SYSTEMPATH\Boot.php(325): CodeIgniter\CodeIgniter->run()
10 SYSTEMPATH\Boot.php(67): CodeIgniter\Boot::runCodeIgniter(Object(CodeIgniter\CodeIgniter))
11 FCPATH\index.php(56): CodeIgniter\Boot::bootWeb(Object(Config\Paths))
CRITICAL - 2024-08-20 14:16:02 --> ErrorException: Undefined variable $chart_totals
[Method: GET, Route: stats]
in APPPATH\Views\stats.php on line 24.
 1 APPPATH\Views\stats.php(24): CodeIgniter\Debug\Exceptions->errorHandler(2, 'Undefined variable $chart_totals', 'C:\\laragon\\www\\framework\\app\\Views\\stats.php', 24)
 2 SYSTEMPATH\View\View.php(234): include('C:\\laragon\\www\\framework\\app\\Views\\stats.php')
 3 SYSTEMPATH\View\View.php(237): CodeIgniter\View\View->CodeIgniter\View\{closure}()
 4 SYSTEMPATH\Common.php(1169): CodeIgniter\View\View->render('stats', [], true)
 5 APPPATH\Controllers\Main.php(352): view('stats', [...])
 6 SYSTEMPATH\CodeIgniter.php(933): App\Controllers\Main->stats()
 7 SYSTEMPATH\CodeIgniter.php(509): CodeIgniter\CodeIgniter->runController(Object(App\Controllers\Main))
 8 SYSTEMPATH\CodeIgniter.php(355): CodeIgniter\CodeIgniter->handleRequest(null, Object(Config\Cache), false)
 9 SYSTEMPATH\Boot.php(325): CodeIgniter\CodeIgniter->run()
10 SYSTEMPATH\Boot.php(67): CodeIgniter\Boot::runCodeIgniter(Object(CodeIgniter\CodeIgniter))
11 FCPATH\index.php(56): CodeIgniter\Boot::bootWeb(Object(Config\Paths))
INFO - 2024-08-20 14:16:34 --> Session: Class initialized using 'CodeIgniter\Session\Handlers\FileHandler' driver.
CRITICAL - 2024-08-20 16:28:46 --> Error: Object of class CodeIgniter\Database\MySQLi\Result could not be converted to string
[Method: GET, Route: stats]
in APPPATH\Controllers\Main.php on line 336.
 1 SYSTEMPATH\CodeIgniter.php(933): App\Controllers\Main->stats()
 2 SYSTEMPATH\CodeIgniter.php(509): CodeIgniter\CodeIgniter->runController(Object(App\Controllers\Main))
 3 SYSTEMPATH\CodeIgniter.php(355): CodeIgniter\CodeIgniter->handleRequest(null, Object(Config\Cache), false)
 4 SYSTEMPATH\Boot.php(325): CodeIgniter\CodeIgniter->run()
 5 SYSTEMPATH\Boot.php(67): CodeIgniter\Boot::runCodeIgniter(Object(CodeIgniter\CodeIgniter))
 6 FCPATH\index.php(56): CodeIgniter\Boot::bootWeb(Object(Config\Paths))
CRITICAL - 2024-08-20 16:29:29 --> ErrorException: Array to string conversion
[Method: GET, Route: stats]
in APPPATH\Controllers\Main.php on line 336.
 1 APPPATH\Controllers\Main.php(336): CodeIgniter\Debug\Exceptions->errorHandler(2, 'Array to string conversion', 'C:\\laragon\\www\\framework\\app\\Controllers\\Main.php', 336)
 2 SYSTEMPATH\CodeIgniter.php(933): App\Controllers\Main->stats()
 3 SYSTEMPATH\CodeIgniter.php(509): CodeIgniter\CodeIgniter->runController(Object(App\Controllers\Main))
 4 SYSTEMPATH\CodeIgniter.php(355): CodeIgniter\CodeIgniter->handleRequest(null, Object(Config\Cache), false)
 5 SYSTEMPATH\Boot.php(325): CodeIgniter\CodeIgniter->run()
 6 SYSTEMPATH\Boot.php(67): CodeIgniter\Boot::runCodeIgniter(Object(CodeIgniter\CodeIgniter))
 7 FCPATH\index.php(56): CodeIgniter\Boot::bootWeb(Object(Config\Paths))
CRITICAL - 2024-08-20 16:55:59 --> ErrorException: Array to string conversion
[Method: GET, Route: stats]
in APPPATH\Controllers\Main.php on line 348.
 1 [internal function]: CodeIgniter\Debug\Exceptions->errorHandler(2, 'Array to string conversion', 'C:\\laragon\\www\\framework\\app\\Controllers\\Main.php', 348)
 2 APPPATH\Controllers\Main.php(348): implode('","', [...])
 3 SYSTEMPATH\CodeIgniter.php(933): App\Controllers\Main->stats()
 4 SYSTEMPATH\CodeIgniter.php(509): CodeIgniter\CodeIgniter->runController(Object(App\Controllers\Main))
 5 SYSTEMPATH\CodeIgniter.php(355): CodeIgniter\CodeIgniter->handleRequest(null, Object(Config\Cache), false)
 6 SYSTEMPATH\Boot.php(325): CodeIgniter\CodeIgniter->run()
 7 SYSTEMPATH\Boot.php(67): CodeIgniter\Boot::runCodeIgniter(Object(CodeIgniter\CodeIgniter))
 8 FCPATH\index.php(56): CodeIgniter\Boot::bootWeb(Object(Config\Paths))
CRITICAL - 2024-08-20 16:58:18 --> ErrorException: Array to string conversion
[Method: GET, Route: stats]
in APPPATH\Views\stats.php on line 24.
 1 APPPATH\Views\stats.php(24): CodeIgniter\Debug\Exceptions->errorHandler(2, 'Array to string conversion', 'C:\\laragon\\www\\framework\\app\\Views\\stats.php', 24)
 2 SYSTEMPATH\View\View.php(234): include('C:\\laragon\\www\\framework\\app\\Views\\stats.php')
 3 SYSTEMPATH\View\View.php(237): CodeIgniter\View\View->CodeIgniter\View\{closure}()
 4 SYSTEMPATH\Common.php(1169): CodeIgniter\View\View->render('stats', [], true)
 5 APPPATH\Controllers\Main.php(354): view('stats', [...])
 6 SYSTEMPATH\CodeIgniter.php(933): App\Controllers\Main->stats()
 7 SYSTEMPATH\CodeIgniter.php(509): CodeIgniter\CodeIgniter->runController(Object(App\Controllers\Main))
 8 SYSTEMPATH\CodeIgniter.php(355): CodeIgniter\CodeIgniter->handleRequest(null, Object(Config\Cache), false)
 9 SYSTEMPATH\Boot.php(325): CodeIgniter\CodeIgniter->run()
10 SYSTEMPATH\Boot.php(67): CodeIgniter\Boot::runCodeIgniter(Object(CodeIgniter\CodeIgniter))
11 FCPATH\index.php(56): CodeIgniter\Boot::bootWeb(Object(Config\Paths))
CRITICAL - 2024-08-20 16:59:48 --> ErrorException: Array to string conversion
[Method: GET, Route: stats]
in APPPATH\Views\stats.php on line 24.
 1 APPPATH\Views\stats.php(24): CodeIgniter\Debug\Exceptions->errorHandler(2, 'Array to string conversion', 'C:\\laragon\\www\\framework\\app\\Views\\stats.php', 24)
 2 SYSTEMPATH\View\View.php(234): include('C:\\laragon\\www\\framework\\app\\Views\\stats.php')
 3 SYSTEMPATH\View\View.php(237): CodeIgniter\View\View->CodeIgniter\View\{closure}()
 4 SYSTEMPATH\Common.php(1169): CodeIgniter\View\View->render('stats', [], true)
 5 APPPATH\Controllers\Main.php(354): view('stats', [...])
 6 SYSTEMPATH\CodeIgniter.php(933): App\Controllers\Main->stats()
 7 SYSTEMPATH\CodeIgniter.php(509): CodeIgniter\CodeIgniter->runController(Object(App\Controllers\Main))
 8 SYSTEMPATH\CodeIgniter.php(355): CodeIgniter\CodeIgniter->handleRequest(null, Object(Config\Cache), false)
 9 SYSTEMPATH\Boot.php(325): CodeIgniter\CodeIgniter->run()
10 SYSTEMPATH\Boot.php(67): CodeIgniter\Boot::runCodeIgniter(Object(CodeIgniter\CodeIgniter))
11 FCPATH\index.php(56): CodeIgniter\Boot::bootWeb(Object(Config\Paths))
CRITICAL - 2024-08-20 16:59:49 --> ErrorException: Array to string conversion
[Method: GET, Route: stats]
in APPPATH\Views\stats.php on line 24.
 1 APPPATH\Views\stats.php(24): CodeIgniter\Debug\Exceptions->errorHandler(2, 'Array to string conversion', 'C:\\laragon\\www\\framework\\app\\Views\\stats.php', 24)
 2 SYSTEMPATH\View\View.php(234): include('C:\\laragon\\www\\framework\\app\\Views\\stats.php')
 3 SYSTEMPATH\View\View.php(237): CodeIgniter\View\View->CodeIgniter\View\{closure}()
 4 SYSTEMPATH\Common.php(1169): CodeIgniter\View\View->render('stats', [], true)
 5 APPPATH\Controllers\Main.php(354): view('stats', [...])
 6 SYSTEMPATH\CodeIgniter.php(933): App\Controllers\Main->stats()
 7 SYSTEMPATH\CodeIgniter.php(509): CodeIgniter\CodeIgniter->runController(Object(App\Controllers\Main))
 8 SYSTEMPATH\CodeIgniter.php(355): CodeIgniter\CodeIgniter->handleRequest(null, Object(Config\Cache), false)
 9 SYSTEMPATH\Boot.php(325): CodeIgniter\CodeIgniter->run()
10 SYSTEMPATH\Boot.php(67): CodeIgniter\Boot::runCodeIgniter(Object(CodeIgniter\CodeIgniter))
11 FCPATH\index.php(56): CodeIgniter\Boot::bootWeb(Object(Config\Paths))
CRITICAL - 2024-08-20 16:59:50 --> ErrorException: Array to string conversion
[Method: GET, Route: stats]
in APPPATH\Views\stats.php on line 24.
 1 APPPATH\Views\stats.php(24): CodeIgniter\Debug\Exceptions->errorHandler(2, 'Array to string conversion', 'C:\\laragon\\www\\framework\\app\\Views\\stats.php', 24)
 2 SYSTEMPATH\View\View.php(234): include('C:\\laragon\\www\\framework\\app\\Views\\stats.php')
 3 SYSTEMPATH\View\View.php(237): CodeIgniter\View\View->CodeIgniter\View\{closure}()
 4 SYSTEMPATH\Common.php(1169): CodeIgniter\View\View->render('stats', [], true)
 5 APPPATH\Controllers\Main.php(354): view('stats', [...])
 6 SYSTEMPATH\CodeIgniter.php(933): App\Controllers\Main->stats()
 7 SYSTEMPATH\CodeIgniter.php(509): CodeIgniter\CodeIgniter->runController(Object(App\Controllers\Main))
 8 SYSTEMPATH\CodeIgniter.php(355): CodeIgniter\CodeIgniter->handleRequest(null, Object(Config\Cache), false)
 9 SYSTEMPATH\Boot.php(325): CodeIgniter\CodeIgniter->run()
10 SYSTEMPATH\Boot.php(67): CodeIgniter\Boot::runCodeIgniter(Object(CodeIgniter\CodeIgniter))
11 FCPATH\index.php(56): CodeIgniter\Boot::bootWeb(Object(Config\Paths))
CRITICAL - 2024-08-20 16:59:51 --> ErrorException: Array to string conversion
[Method: GET, Route: stats]
in APPPATH\Views\stats.php on line 24.
 1 APPPATH\Views\stats.php(24): CodeIgniter\Debug\Exceptions->errorHandler(2, 'Array to string conversion', 'C:\\laragon\\www\\framework\\app\\Views\\stats.php', 24)
 2 SYSTEMPATH\View\View.php(234): include('C:\\laragon\\www\\framework\\app\\Views\\stats.php')
 3 SYSTEMPATH\View\View.php(237): CodeIgniter\View\View->CodeIgniter\View\{closure}()
 4 SYSTEMPATH\Common.php(1169): CodeIgniter\View\View->render('stats', [], true)
 5 APPPATH\Controllers\Main.php(354): view('stats', [...])
 6 SYSTEMPATH\CodeIgniter.php(933): App\Controllers\Main->stats()
 7 SYSTEMPATH\CodeIgniter.php(509): CodeIgniter\CodeIgniter->runController(Object(App\Controllers\Main))
 8 SYSTEMPATH\CodeIgniter.php(355): CodeIgniter\CodeIgniter->handleRequest(null, Object(Config\Cache), false)
 9 SYSTEMPATH\Boot.php(325): CodeIgniter\CodeIgniter->run()
10 SYSTEMPATH\Boot.php(67): CodeIgniter\Boot::runCodeIgniter(Object(CodeIgniter\CodeIgniter))
11 FCPATH\index.php(56): CodeIgniter\Boot::bootWeb(Object(Config\Paths))
CRITICAL - 2024-08-20 17:02:54 --> ErrorException: Array to string conversion
[Method: GET, Route: stats]
in APPPATH\Views\stats.php on line 26.
 1 APPPATH\Views\stats.php(26): CodeIgniter\Debug\Exceptions->errorHandler(2, 'Array to string conversion', 'C:\\laragon\\www\\framework\\app\\Views\\stats.php', 26)
 2 SYSTEMPATH\View\View.php(234): include('C:\\laragon\\www\\framework\\app\\Views\\stats.php')
 3 SYSTEMPATH\View\View.php(237): CodeIgniter\View\View->CodeIgniter\View\{closure}()
 4 SYSTEMPATH\Common.php(1169): CodeIgniter\View\View->render('stats', [], true)
 5 APPPATH\Controllers\Main.php(357): view('stats', [...])
 6 SYSTEMPATH\CodeIgniter.php(933): App\Controllers\Main->stats()
 7 SYSTEMPATH\CodeIgniter.php(509): CodeIgniter\CodeIgniter->runController(Object(App\Controllers\Main))
 8 SYSTEMPATH\CodeIgniter.php(355): CodeIgniter\CodeIgniter->handleRequest(null, Object(Config\Cache), false)
 9 SYSTEMPATH\Boot.php(325): CodeIgniter\CodeIgniter->run()
10 SYSTEMPATH\Boot.php(67): CodeIgniter\Boot::runCodeIgniter(Object(CodeIgniter\CodeIgniter))
11 FCPATH\index.php(56): CodeIgniter\Boot::bootWeb(Object(Config\Paths))
CRITICAL - 2024-08-20 17:03:31 --> Error: Call to a member function getResultArray() on array
[Method: GET, Route: stats]
in APPPATH\Views\stats.php on line 25.
 1 SYSTEMPATH\View\View.php(234): include()
 2 SYSTEMPATH\View\View.php(237): CodeIgniter\View\View->CodeIgniter\View\{closure}()
 3 SYSTEMPATH\Common.php(1169): CodeIgniter\View\View->render('stats', [], true)
 4 APPPATH\Controllers\Main.php(357): view('stats', [...])
 5 SYSTEMPATH\CodeIgniter.php(933): App\Controllers\Main->stats()
 6 SYSTEMPATH\CodeIgniter.php(509): CodeIgniter\CodeIgniter->runController(Object(App\Controllers\Main))
 7 SYSTEMPATH\CodeIgniter.php(355): CodeIgniter\CodeIgniter->handleRequest(null, Object(Config\Cache), false)
 8 SYSTEMPATH\Boot.php(325): CodeIgniter\CodeIgniter->run()
 9 SYSTEMPATH\Boot.php(67): CodeIgniter\Boot::runCodeIgniter(Object(CodeIgniter\CodeIgniter))
10 FCPATH\index.php(56): CodeIgniter\Boot::bootWeb(Object(Config\Paths))
CRITICAL - 2024-08-20 17:03:44 --> Error: Call to a member function getResult() on array
[Method: GET, Route: stats]
in APPPATH\Views\stats.php on line 25.
 1 SYSTEMPATH\View\View.php(234): include()
 2 SYSTEMPATH\View\View.php(237): CodeIgniter\View\View->CodeIgniter\View\{closure}()
 3 SYSTEMPATH\Common.php(1169): CodeIgniter\View\View->render('stats', [], true)
 4 APPPATH\Controllers\Main.php(357): view('stats', [...])
 5 SYSTEMPATH\CodeIgniter.php(933): App\Controllers\Main->stats()
 6 SYSTEMPATH\CodeIgniter.php(509): CodeIgniter\CodeIgniter->runController(Object(App\Controllers\Main))
 7 SYSTEMPATH\CodeIgniter.php(355): CodeIgniter\CodeIgniter->handleRequest(null, Object(Config\Cache), false)
 8 SYSTEMPATH\Boot.php(325): CodeIgniter\CodeIgniter->run()
 9 SYSTEMPATH\Boot.php(67): CodeIgniter\Boot::runCodeIgniter(Object(CodeIgniter\CodeIgniter))
10 FCPATH\index.php(56): CodeIgniter\Boot::bootWeb(Object(Config\Paths))
CRITICAL - 2024-08-20 17:03:48 --> Error: Call to a member function getResult() on array
[Method: GET, Route: stats]
in APPPATH\Views\stats.php on line 25.
 1 SYSTEMPATH\View\View.php(234): include()
 2 SYSTEMPATH\View\View.php(237): CodeIgniter\View\View->CodeIgniter\View\{closure}()
 3 SYSTEMPATH\Common.php(1169): CodeIgniter\View\View->render('stats', [], true)
 4 APPPATH\Controllers\Main.php(357): view('stats', [...])
 5 SYSTEMPATH\CodeIgniter.php(933): App\Controllers\Main->stats()
 6 SYSTEMPATH\CodeIgniter.php(509): CodeIgniter\CodeIgniter->runController(Object(App\Controllers\Main))
 7 SYSTEMPATH\CodeIgniter.php(355): CodeIgniter\CodeIgniter->handleRequest(null, Object(Config\Cache), false)
 8 SYSTEMPATH\Boot.php(325): CodeIgniter\CodeIgniter->run()
 9 SYSTEMPATH\Boot.php(67): CodeIgniter\Boot::runCodeIgniter(Object(CodeIgniter\CodeIgniter))
10 FCPATH\index.php(56): CodeIgniter\Boot::bootWeb(Object(Config\Paths))
CRITICAL - 2024-08-20 17:04:09 --> ErrorException: Array to string conversion
[Method: GET, Route: stats]
in APPPATH\Views\stats.php on line 26.
 1 APPPATH\Views\stats.php(26): CodeIgniter\Debug\Exceptions->errorHandler(2, 'Array to string conversion', 'C:\\laragon\\www\\framework\\app\\Views\\stats.php', 26)
 2 SYSTEMPATH\View\View.php(234): include('C:\\laragon\\www\\framework\\app\\Views\\stats.php')
 3 SYSTEMPATH\View\View.php(237): CodeIgniter\View\View->CodeIgniter\View\{closure}()
 4 SYSTEMPATH\Common.php(1169): CodeIgniter\View\View->render('stats', [], true)
 5 APPPATH\Controllers\Main.php(357): view('stats', [...])
 6 SYSTEMPATH\CodeIgniter.php(933): App\Controllers\Main->stats()
 7 SYSTEMPATH\CodeIgniter.php(509): CodeIgniter\CodeIgniter->runController(Object(App\Controllers\Main))
 8 SYSTEMPATH\CodeIgniter.php(355): CodeIgniter\CodeIgniter->handleRequest(null, Object(Config\Cache), false)
 9 SYSTEMPATH\Boot.php(325): CodeIgniter\CodeIgniter->run()
10 SYSTEMPATH\Boot.php(67): CodeIgniter\Boot::runCodeIgniter(Object(CodeIgniter\CodeIgniter))
11 FCPATH\index.php(56): CodeIgniter\Boot::bootWeb(Object(Config\Paths))
CRITICAL - 2024-08-20 17:34:45 --> ErrorException: Array to string conversion
[Method: GET, Route: stats]
in APPPATH\Views\stats.php on line 10.
 1 APPPATH\Views\stats.php(10): CodeIgniter\Debug\Exceptions->errorHandler(2, 'Array to string conversion', 'C:\\laragon\\www\\framework\\app\\Views\\stats.php', 10)
 2 SYSTEMPATH\View\View.php(234): include('C:\\laragon\\www\\framework\\app\\Views\\stats.php')
 3 SYSTEMPATH\View\View.php(237): CodeIgniter\View\View->CodeIgniter\View\{closure}()
 4 SYSTEMPATH\Common.php(1169): CodeIgniter\View\View->render('stats', [], true)
 5 APPPATH\Controllers\Main.php(359): view('stats', [...])
 6 SYSTEMPATH\CodeIgniter.php(933): App\Controllers\Main->stats()
 7 SYSTEMPATH\CodeIgniter.php(509): CodeIgniter\CodeIgniter->runController(Object(App\Controllers\Main))
 8 SYSTEMPATH\CodeIgniter.php(355): CodeIgniter\CodeIgniter->handleRequest(null, Object(Config\Cache), false)
 9 SYSTEMPATH\Boot.php(325): CodeIgniter\CodeIgniter->run()
10 SYSTEMPATH\Boot.php(67): CodeIgniter\Boot::runCodeIgniter(Object(CodeIgniter\CodeIgniter))
11 FCPATH\index.php(56): CodeIgniter\Boot::bootWeb(Object(Config\Paths))
CRITICAL - 2024-08-20 17:35:14 --> ErrorException: Array to string conversion
[Method: GET, Route: stats]
in APPPATH\Views\stats.php on line 35.
 1 APPPATH\Views\stats.php(35): CodeIgniter\Debug\Exceptions->errorHandler(2, 'Array to string conversion', 'C:\\laragon\\www\\framework\\app\\Views\\stats.php', 35)
 2 SYSTEMPATH\View\View.php(234): include('C:\\laragon\\www\\framework\\app\\Views\\stats.php')
 3 SYSTEMPATH\View\View.php(237): CodeIgniter\View\View->CodeIgniter\View\{closure}()
 4 SYSTEMPATH\Common.php(1169): CodeIgniter\View\View->render('stats', [], true)
 5 APPPATH\Controllers\Main.php(359): view('stats', [...])
 6 SYSTEMPATH\CodeIgniter.php(933): App\Controllers\Main->stats()
 7 SYSTEMPATH\CodeIgniter.php(509): CodeIgniter\CodeIgniter->runController(Object(App\Controllers\Main))
 8 SYSTEMPATH\CodeIgniter.php(355): CodeIgniter\CodeIgniter->handleRequest(null, Object(Config\Cache), false)
 9 SYSTEMPATH\Boot.php(325): CodeIgniter\CodeIgniter->run()
10 SYSTEMPATH\Boot.php(67): CodeIgniter\Boot::runCodeIgniter(Object(CodeIgniter\CodeIgniter))
11 FCPATH\index.php(56): CodeIgniter\Boot::bootWeb(Object(Config\Paths))
CRITICAL - 2024-08-20 17:35:15 --> ErrorException: Array to string conversion
[Method: GET, Route: stats]
in APPPATH\Views\stats.php on line 35.
 1 APPPATH\Views\stats.php(35): CodeIgniter\Debug\Exceptions->errorHandler(2, 'Array to string conversion', 'C:\\laragon\\www\\framework\\app\\Views\\stats.php', 35)
 2 SYSTEMPATH\View\View.php(234): include('C:\\laragon\\www\\framework\\app\\Views\\stats.php')
 3 SYSTEMPATH\View\View.php(237): CodeIgniter\View\View->CodeIgniter\View\{closure}()
 4 SYSTEMPATH\Common.php(1169): CodeIgniter\View\View->render('stats', [], true)
 5 APPPATH\Controllers\Main.php(359): view('stats', [...])
 6 SYSTEMPATH\CodeIgniter.php(933): App\Controllers\Main->stats()
 7 SYSTEMPATH\CodeIgniter.php(509): CodeIgniter\CodeIgniter->runController(Object(App\Controllers\Main))
 8 SYSTEMPATH\CodeIgniter.php(355): CodeIgniter\CodeIgniter->handleRequest(null, Object(Config\Cache), false)
 9 SYSTEMPATH\Boot.php(325): CodeIgniter\CodeIgniter->run()
10 SYSTEMPATH\Boot.php(67): CodeIgniter\Boot::runCodeIgniter(Object(CodeIgniter\CodeIgniter))
11 FCPATH\index.php(56): CodeIgniter\Boot::bootWeb(Object(Config\Paths))
CRITICAL - 2024-08-20 17:36:23 --> ErrorException: foreach() argument must be of type array|object, string given
[Method: GET, Route: stats]
in APPPATH\Views\stats.php on line 9.
 1 APPPATH\Views\stats.php(9): CodeIgniter\Debug\Exceptions->errorHandler(2, 'foreach() argument must be of type array|object, string given', 'C:\\laragon\\www\\framework\\app\\Views\\stats.php', 9)
 2 SYSTEMPATH\View\View.php(234): include('C:\\laragon\\www\\framework\\app\\Views\\stats.php')
 3 SYSTEMPATH\View\View.php(237): CodeIgniter\View\View->CodeIgniter\View\{closure}()
 4 SYSTEMPATH\Common.php(1169): CodeIgniter\View\View->render('stats', [], true)
 5 APPPATH\Controllers\Main.php(359): view('stats', [...])
 6 SYSTEMPATH\CodeIgniter.php(933): App\Controllers\Main->stats()
 7 SYSTEMPATH\CodeIgniter.php(509): CodeIgniter\CodeIgniter->runController(Object(App\Controllers\Main))
 8 SYSTEMPATH\CodeIgniter.php(355): CodeIgniter\CodeIgniter->handleRequest(null, Object(Config\Cache), false)
 9 SYSTEMPATH\Boot.php(325): CodeIgniter\CodeIgniter->run()
10 SYSTEMPATH\Boot.php(67): CodeIgniter\Boot::runCodeIgniter(Object(CodeIgniter\CodeIgniter))
11 FCPATH\index.php(56): CodeIgniter\Boot::bootWeb(Object(Config\Paths))
CRITICAL - 2024-08-20 17:36:25 --> ErrorException: foreach() argument must be of type array|object, string given
[Method: GET, Route: stats]
in APPPATH\Views\stats.php on line 9.
 1 APPPATH\Views\stats.php(9): CodeIgniter\Debug\Exceptions->errorHandler(2, 'foreach() argument must be of type array|object, string given', 'C:\\laragon\\www\\framework\\app\\Views\\stats.php', 9)
 2 SYSTEMPATH\View\View.php(234): include('C:\\laragon\\www\\framework\\app\\Views\\stats.php')
 3 SYSTEMPATH\View\View.php(237): CodeIgniter\View\View->CodeIgniter\View\{closure}()
 4 SYSTEMPATH\Common.php(1169): CodeIgniter\View\View->render('stats', [], true)
 5 APPPATH\Controllers\Main.php(359): view('stats', [...])
 6 SYSTEMPATH\CodeIgniter.php(933): App\Controllers\Main->stats()
 7 SYSTEMPATH\CodeIgniter.php(509): CodeIgniter\CodeIgniter->runController(Object(App\Controllers\Main))
 8 SYSTEMPATH\CodeIgniter.php(355): CodeIgniter\CodeIgniter->handleRequest(null, Object(Config\Cache), false)
 9 SYSTEMPATH\Boot.php(325): CodeIgniter\CodeIgniter->run()
10 SYSTEMPATH\Boot.php(67): CodeIgniter\Boot::runCodeIgniter(Object(CodeIgniter\CodeIgniter))
11 FCPATH\index.php(56): CodeIgniter\Boot::bootWeb(Object(Config\Paths))
INFO - 2024-08-20 17:37:55 --> Session: Class initialized using 'CodeIgniter\Session\Handlers\FileHandler' driver.
INFO - 2024-08-20 17:40:08 --> Session: Class initialized using 'CodeIgniter\Session\Handlers\FileHandler' driver.
INFO - 2024-08-20 17:40:32 --> Session: Class initialized using 'CodeIgniter\Session\Handlers\FileHandler' driver.
INFO - 2024-08-20 17:42:21 --> Session: Class initialized using 'CodeIgniter\Session\Handlers\FileHandler' driver.
CRITICAL - 2024-08-20 17:43:30 --> ErrorException: Undefined property: App\Controllers\Main::$db
[Method: GET, Route: stats]
in APPPATH\Controllers\Main.php on line 335.
 1 APPPATH\Controllers\Main.php(335): CodeIgniter\Debug\Exceptions->errorHandler(2, 'Undefined property: App\\Controllers\\Main::$db', 'C:\\laragon\\www\\framework\\app\\Controllers\\Main.php', 335)
 2 SYSTEMPATH\CodeIgniter.php(933): App\Controllers\Main->stats()
 3 SYSTEMPATH\CodeIgniter.php(509): CodeIgniter\CodeIgniter->runController(Object(App\Controllers\Main))
 4 SYSTEMPATH\CodeIgniter.php(355): CodeIgniter\CodeIgniter->handleRequest(null, Object(Config\Cache), false)
 5 SYSTEMPATH\Boot.php(325): CodeIgniter\CodeIgniter->run()
 6 SYSTEMPATH\Boot.php(67): CodeIgniter\Boot::runCodeIgniter(Object(CodeIgniter\CodeIgniter))
 7 FCPATH\index.php(56): CodeIgniter\Boot::bootWeb(Object(Config\Paths))
CRITICAL - 2024-08-20 17:43:31 --> ErrorException: Undefined property: App\Controllers\Main::$db
[Method: GET, Route: stats]
in APPPATH\Controllers\Main.php on line 335.
 1 APPPATH\Controllers\Main.php(335): CodeIgniter\Debug\Exceptions->errorHandler(2, 'Undefined property: App\\Controllers\\Main::$db', 'C:\\laragon\\www\\framework\\app\\Controllers\\Main.php', 335)
 2 SYSTEMPATH\CodeIgniter.php(933): App\Controllers\Main->stats()
 3 SYSTEMPATH\CodeIgniter.php(509): CodeIgniter\CodeIgniter->runController(Object(App\Controllers\Main))
 4 SYSTEMPATH\CodeIgniter.php(355): CodeIgniter\CodeIgniter->handleRequest(null, Object(Config\Cache), false)
 5 SYSTEMPATH\Boot.php(325): CodeIgniter\CodeIgniter->run()
 6 SYSTEMPATH\Boot.php(67): CodeIgniter\Boot::runCodeIgniter(Object(CodeIgniter\CodeIgniter))
 7 FCPATH\index.php(56): CodeIgniter\Boot::bootWeb(Object(Config\Paths))
INFO - 2024-08-20 17:46:35 --> Session: Class initialized using 'CodeIgniter\Session\Handlers\FileHandler' driver.
INFO - 2024-08-20 17:47:27 --> Session: Class initialized using 'CodeIgniter\Session\Handlers\FileHandler' driver.
INFO - 2024-08-20 17:47:48 --> Session: Class initialized using 'CodeIgniter\Session\Handlers\FileHandler' driver.
CRITICAL - 2024-08-20 17:48:44 --> TypeError: Cannot access offset of type string on string
[Method: GET, Route: stats]
in APPPATH\Views\stats.php on line 30.
 1 SYSTEMPATH\View\View.php(234): include()
 2 SYSTEMPATH\View\View.php(237): CodeIgniter\View\View->CodeIgniter\View\{closure}()
 3 SYSTEMPATH\Common.php(1169): CodeIgniter\View\View->render('stats', [], true)
 4 APPPATH\Controllers\Main.php(362): view('stats', [...])
 5 SYSTEMPATH\CodeIgniter.php(933): App\Controllers\Main->stats()
 6 SYSTEMPATH\CodeIgniter.php(509): CodeIgniter\CodeIgniter->runController(Object(App\Controllers\Main))
 7 SYSTEMPATH\CodeIgniter.php(355): CodeIgniter\CodeIgniter->handleRequest(null, Object(Config\Cache), false)
 8 SYSTEMPATH\Boot.php(325): CodeIgniter\CodeIgniter->run()
 9 SYSTEMPATH\Boot.php(67): CodeIgniter\Boot::runCodeIgniter(Object(CodeIgniter\CodeIgniter))
10 FCPATH\index.php(56): CodeIgniter\Boot::bootWeb(Object(Config\Paths))
INFO - 2024-08-20 17:49:23 --> Session: Class initialized using 'CodeIgniter\Session\Handlers\FileHandler' driver.
INFO - 2024-08-20 18:32:15 --> Session: Class initialized using 'CodeIgniter\Session\Handlers\FileHandler' driver.
INFO - 2024-08-20 18:32:17 --> Session: Class initialized using 'CodeIgniter\Session\Handlers\FileHandler' driver.
INFO - 2024-08-20 18:32:20 --> Session: Class initialized using 'CodeIgniter\Session\Handlers\FileHandler' driver.
INFO - 2024-08-20 18:32:51 --> Session: Class initialized using 'CodeIgniter\Session\Handlers\FileHandler' driver.
CRITICAL - 2024-08-20 18:33:53 --> ErrorException: Array to string conversion
[Method: GET, Route: stats]
in APPPATH\Views\stats.php on line 30.
 1 APPPATH\Views\stats.php(30): CodeIgniter\Debug\Exceptions->errorHandler(2, 'Array to string conversion', 'C:\\laragon\\www\\framework\\app\\Views\\stats.php', 30)
 2 SYSTEMPATH\View\View.php(234): include('C:\\laragon\\www\\framework\\app\\Views\\stats.php')
 3 SYSTEMPATH\View\View.php(237): CodeIgniter\View\View->CodeIgniter\View\{closure}()
 4 SYSTEMPATH\Common.php(1169): CodeIgniter\View\View->render('stats', [], true)
 5 APPPATH\Controllers\Main.php(362): view('stats', [...])
 6 SYSTEMPATH\CodeIgniter.php(933): App\Controllers\Main->stats()
 7 SYSTEMPATH\CodeIgniter.php(509): CodeIgniter\CodeIgniter->runController(Object(App\Controllers\Main))
 8 SYSTEMPATH\CodeIgniter.php(355): CodeIgniter\CodeIgniter->handleRequest(null, Object(Config\Cache), false)
 9 SYSTEMPATH\Boot.php(325): CodeIgniter\CodeIgniter->run()
10 SYSTEMPATH\Boot.php(67): CodeIgniter\Boot::runCodeIgniter(Object(CodeIgniter\CodeIgniter))
11 FCPATH\index.php(56): CodeIgniter\Boot::bootWeb(Object(Config\Paths))
INFO - 2024-08-20 18:34:45 --> Session: Class initialized using 'CodeIgniter\Session\Handlers\FileHandler' driver.
CRITICAL - 2024-08-20 18:36:53 --> ErrorException: foreach() argument must be of type array|object, string given
[Method: GET, Route: stats]
in APPPATH\Views\stats.php on line 7.
 1 APPPATH\Views\stats.php(7): CodeIgniter\Debug\Exceptions->errorHandler(2, 'foreach() argument must be of type array|object, string given', 'C:\\laragon\\www\\framework\\app\\Views\\stats.php', 7)
 2 SYSTEMPATH\View\View.php(234): include('C:\\laragon\\www\\framework\\app\\Views\\stats.php')
 3 SYSTEMPATH\View\View.php(237): CodeIgniter\View\View->CodeIgniter\View\{closure}()
 4 SYSTEMPATH\Common.php(1169): CodeIgniter\View\View->render('stats', [], true)
 5 APPPATH\Controllers\Main.php(362): view('stats', [...])
 6 SYSTEMPATH\CodeIgniter.php(933): App\Controllers\Main->stats()
 7 SYSTEMPATH\CodeIgniter.php(509): CodeIgniter\CodeIgniter->runController(Object(App\Controllers\Main))
 8 SYSTEMPATH\CodeIgniter.php(355): CodeIgniter\CodeIgniter->handleRequest(null, Object(Config\Cache), false)
 9 SYSTEMPATH\Boot.php(325): CodeIgniter\CodeIgniter->run()
10 SYSTEMPATH\Boot.php(67): CodeIgniter\Boot::runCodeIgniter(Object(CodeIgniter\CodeIgniter))
11 FCPATH\index.php(56): CodeIgniter\Boot::bootWeb(Object(Config\Paths))
CRITICAL - 2024-08-20 18:37:37 --> ErrorException: Array to string conversion
[Method: GET, Route: stats]
in APPPATH\Views\stats.php on line 8.
 1 APPPATH\Views\stats.php(8): CodeIgniter\Debug\Exceptions->errorHandler(2, 'Array to string conversion', 'C:\\laragon\\www\\framework\\app\\Views\\stats.php', 8)
 2 SYSTEMPATH\View\View.php(234): include('C:\\laragon\\www\\framework\\app\\Views\\stats.php')
 3 SYSTEMPATH\View\View.php(237): CodeIgniter\View\View->CodeIgniter\View\{closure}()
 4 SYSTEMPATH\Common.php(1169): CodeIgniter\View\View->render('stats', [], true)
 5 APPPATH\Controllers\Main.php(363): view('stats', [...])
 6 SYSTEMPATH\CodeIgniter.php(933): App\Controllers\Main->stats()
 7 SYSTEMPATH\CodeIgniter.php(509): CodeIgniter\CodeIgniter->runController(Object(App\Controllers\Main))
 8 SYSTEMPATH\CodeIgniter.php(355): CodeIgniter\CodeIgniter->handleRequest(null, Object(Config\Cache), false)
 9 SYSTEMPATH\Boot.php(325): CodeIgniter\CodeIgniter->run()
10 SYSTEMPATH\Boot.php(67): CodeIgniter\Boot::runCodeIgniter(Object(CodeIgniter\CodeIgniter))
11 FCPATH\index.php(56): CodeIgniter\Boot::bootWeb(Object(Config\Paths))
CRITICAL - 2024-08-20 18:37:39 --> ErrorException: Array to string conversion
[Method: GET, Route: stats]
in APPPATH\Views\stats.php on line 8.
 1 APPPATH\Views\stats.php(8): CodeIgniter\Debug\Exceptions->errorHandler(2, 'Array to string conversion', 'C:\\laragon\\www\\framework\\app\\Views\\stats.php', 8)
 2 SYSTEMPATH\View\View.php(234): include('C:\\laragon\\www\\framework\\app\\Views\\stats.php')
 3 SYSTEMPATH\View\View.php(237): CodeIgniter\View\View->CodeIgniter\View\{closure}()
 4 SYSTEMPATH\Common.php(1169): CodeIgniter\View\View->render('stats', [], true)
 5 APPPATH\Controllers\Main.php(363): view('stats', [...])
 6 SYSTEMPATH\CodeIgniter.php(933): App\Controllers\Main->stats()
 7 SYSTEMPATH\CodeIgniter.php(509): CodeIgniter\CodeIgniter->runController(Object(App\Controllers\Main))
 8 SYSTEMPATH\CodeIgniter.php(355): CodeIgniter\CodeIgniter->handleRequest(null, Object(Config\Cache), false)
 9 SYSTEMPATH\Boot.php(325): CodeIgniter\CodeIgniter->run()
10 SYSTEMPATH\Boot.php(67): CodeIgniter\Boot::runCodeIgniter(Object(CodeIgniter\CodeIgniter))
11 FCPATH\index.php(56): CodeIgniter\Boot::bootWeb(Object(Config\Paths))
CRITICAL - 2024-08-20 18:37:40 --> ErrorException: Array to string conversion
[Method: GET, Route: stats]
in APPPATH\Views\stats.php on line 8.
 1 APPPATH\Views\stats.php(8): CodeIgniter\Debug\Exceptions->errorHandler(2, 'Array to string conversion', 'C:\\laragon\\www\\framework\\app\\Views\\stats.php', 8)
 2 SYSTEMPATH\View\View.php(234): include('C:\\laragon\\www\\framework\\app\\Views\\stats.php')
 3 SYSTEMPATH\View\View.php(237): CodeIgniter\View\View->CodeIgniter\View\{closure}()
 4 SYSTEMPATH\Common.php(1169): CodeIgniter\View\View->render('stats', [], true)
 5 APPPATH\Controllers\Main.php(363): view('stats', [...])
 6 SYSTEMPATH\CodeIgniter.php(933): App\Controllers\Main->stats()
 7 SYSTEMPATH\CodeIgniter.php(509): CodeIgniter\CodeIgniter->runController(Object(App\Controllers\Main))
 8 SYSTEMPATH\CodeIgniter.php(355): CodeIgniter\CodeIgniter->handleRequest(null, Object(Config\Cache), false)
 9 SYSTEMPATH\Boot.php(325): CodeIgniter\CodeIgniter->run()
10 SYSTEMPATH\Boot.php(67): CodeIgniter\Boot::runCodeIgniter(Object(CodeIgniter\CodeIgniter))
11 FCPATH\index.php(56): CodeIgniter\Boot::bootWeb(Object(Config\Paths))
CRITICAL - 2024-08-20 18:38:28 --> ErrorException: Array to string conversion
[Method: GET, Route: stats]
in APPPATH\Views\stats.php on line 30.
 1 APPPATH\Views\stats.php(30): CodeIgniter\Debug\Exceptions->errorHandler(2, 'Array to string conversion', 'C:\\laragon\\www\\framework\\app\\Views\\stats.php', 30)
 2 SYSTEMPATH\View\View.php(234): include('C:\\laragon\\www\\framework\\app\\Views\\stats.php')
 3 SYSTEMPATH\View\View.php(237): CodeIgniter\View\View->CodeIgniter\View\{closure}()
 4 SYSTEMPATH\Common.php(1169): CodeIgniter\View\View->render('stats', [], true)
 5 APPPATH\Controllers\Main.php(363): view('stats', [...])
 6 SYSTEMPATH\CodeIgniter.php(933): App\Controllers\Main->stats()
 7 SYSTEMPATH\CodeIgniter.php(509): CodeIgniter\CodeIgniter->runController(Object(App\Controllers\Main))
 8 SYSTEMPATH\CodeIgniter.php(355): CodeIgniter\CodeIgniter->handleRequest(null, Object(Config\Cache), false)
 9 SYSTEMPATH\Boot.php(325): CodeIgniter\CodeIgniter->run()
10 SYSTEMPATH\Boot.php(67): CodeIgniter\Boot::runCodeIgniter(Object(CodeIgniter\CodeIgniter))
11 FCPATH\index.php(56): CodeIgniter\Boot::bootWeb(Object(Config\Paths))
CRITICAL - 2024-08-20 18:48:09 --> ErrorException: foreach() argument must be of type array|object, string given
[Method: GET, Route: stats]
in APPPATH\Views\stats.php on line 32.
 1 APPPATH\Views\stats.php(32): CodeIgniter\Debug\Exceptions->errorHandler(2, 'foreach() argument must be of type array|object, string given', 'C:\\laragon\\www\\framework\\app\\Views\\stats.php', 32)
 2 SYSTEMPATH\View\View.php(234): include('C:\\laragon\\www\\framework\\app\\Views\\stats.php')
 3 SYSTEMPATH\View\View.php(237): CodeIgniter\View\View->CodeIgniter\View\{closure}()
 4 SYSTEMPATH\Common.php(1169): CodeIgniter\View\View->render('stats', [], true)
 5 APPPATH\Controllers\Main.php(363): view('stats', [...])
 6 SYSTEMPATH\CodeIgniter.php(933): App\Controllers\Main->stats()
 7 SYSTEMPATH\CodeIgniter.php(509): CodeIgniter\CodeIgniter->runController(Object(App\Controllers\Main))
 8 SYSTEMPATH\CodeIgniter.php(355): CodeIgniter\CodeIgniter->handleRequest(null, Object(Config\Cache), false)
 9 SYSTEMPATH\Boot.php(325): CodeIgniter\CodeIgniter->run()
10 SYSTEMPATH\Boot.php(67): CodeIgniter\Boot::runCodeIgniter(Object(CodeIgniter\CodeIgniter))
11 FCPATH\index.php(56): CodeIgniter\Boot::bootWeb(Object(Config\Paths))
CRITICAL - 2024-08-20 18:49:09 --> ErrorException: Attempt to read property "opcao" on string
[Method: GET, Route: stats]
in APPPATH\Views\stats.php on line 33.
 1 APPPATH\Views\stats.php(33): CodeIgniter\Debug\Exceptions->errorHandler(2, 'Attempt to read property "opcao" on string', 'C:\\laragon\\www\\framework\\app\\Views\\stats.php', 33)
 2 SYSTEMPATH\View\View.php(234): include('C:\\laragon\\www\\framework\\app\\Views\\stats.php')
 3 SYSTEMPATH\View\View.php(237): CodeIgniter\View\View->CodeIgniter\View\{closure}()
 4 SYSTEMPATH\Common.php(1169): CodeIgniter\View\View->render('stats', [], true)
 5 APPPATH\Controllers\Main.php(363): view('stats', [...])
 6 SYSTEMPATH\CodeIgniter.php(933): App\Controllers\Main->stats()
 7 SYSTEMPATH\CodeIgniter.php(509): CodeIgniter\CodeIgniter->runController(Object(App\Controllers\Main))
 8 SYSTEMPATH\CodeIgniter.php(355): CodeIgniter\CodeIgniter->handleRequest(null, Object(Config\Cache), false)
 9 SYSTEMPATH\Boot.php(325): CodeIgniter\CodeIgniter->run()
10 SYSTEMPATH\Boot.php(67): CodeIgniter\Boot::runCodeIgniter(Object(CodeIgniter\CodeIgniter))
11 FCPATH\index.php(56): CodeIgniter\Boot::bootWeb(Object(Config\Paths))
INFO - 2024-08-20 18:49:31 --> Session: Class initialized using 'CodeIgniter\Session\Handlers\FileHandler' driver.
CRITICAL - 2024-08-20 18:51:13 --> ErrorException: Array to string conversion
[Method: GET, Route: stats]
in APPPATH\Views\stats.php on line 33.
 1 APPPATH\Views\stats.php(33): CodeIgniter\Debug\Exceptions->errorHandler(2, 'Array to string conversion', 'C:\\laragon\\www\\framework\\app\\Views\\stats.php', 33)
 2 SYSTEMPATH\View\View.php(234): include('C:\\laragon\\www\\framework\\app\\Views\\stats.php')
 3 SYSTEMPATH\View\View.php(237): CodeIgniter\View\View->CodeIgniter\View\{closure}()
 4 SYSTEMPATH\Common.php(1169): CodeIgniter\View\View->render('stats', [], true)
 5 APPPATH\Controllers\Main.php(366): view('stats', [...])
 6 SYSTEMPATH\CodeIgniter.php(933): App\Controllers\Main->stats()
 7 SYSTEMPATH\CodeIgniter.php(509): CodeIgniter\CodeIgniter->runController(Object(App\Controllers\Main))
 8 SYSTEMPATH\CodeIgniter.php(355): CodeIgniter\CodeIgniter->handleRequest(null, Object(Config\Cache), false)
 9 SYSTEMPATH\Boot.php(325): CodeIgniter\CodeIgniter->run()
10 SYSTEMPATH\Boot.php(67): CodeIgniter\Boot::runCodeIgniter(Object(CodeIgniter\CodeIgniter))
11 FCPATH\index.php(56): CodeIgniter\Boot::bootWeb(Object(Config\Paths))
CRITICAL - 2024-08-20 18:51:36 --> ErrorException: Attempt to read property "opcao" on array
[Method: GET, Route: stats]
in APPPATH\Views\stats.php on line 33.
 1 APPPATH\Views\stats.php(33): CodeIgniter\Debug\Exceptions->errorHandler(2, 'Attempt to read property "opcao" on array', 'C:\\laragon\\www\\framework\\app\\Views\\stats.php', 33)
 2 SYSTEMPATH\View\View.php(234): include('C:\\laragon\\www\\framework\\app\\Views\\stats.php')
 3 SYSTEMPATH\View\View.php(237): CodeIgniter\View\View->CodeIgniter\View\{closure}()
 4 SYSTEMPATH\Common.php(1169): CodeIgniter\View\View->render('stats', [], true)
 5 APPPATH\Controllers\Main.php(366): view('stats', [...])
 6 SYSTEMPATH\CodeIgniter.php(933): App\Controllers\Main->stats()
 7 SYSTEMPATH\CodeIgniter.php(509): CodeIgniter\CodeIgniter->runController(Object(App\Controllers\Main))
 8 SYSTEMPATH\CodeIgniter.php(355): CodeIgniter\CodeIgniter->handleRequest(null, Object(Config\Cache), false)
 9 SYSTEMPATH\Boot.php(325): CodeIgniter\CodeIgniter->run()
10 SYSTEMPATH\Boot.php(67): CodeIgniter\Boot::runCodeIgniter(Object(CodeIgniter\CodeIgniter))
11 FCPATH\index.php(56): CodeIgniter\Boot::bootWeb(Object(Config\Paths))
CRITICAL - 2024-08-20 18:59:11 --> ErrorException: Attempt to read property "opcao" on array
[Method: GET, Route: stats]
in APPPATH\Views\stats.php on line 33.
 1 APPPATH\Views\stats.php(33): CodeIgniter\Debug\Exceptions->errorHandler(2, 'Attempt to read property "opcao" on array', 'C:\\laragon\\www\\framework\\app\\Views\\stats.php', 33)
 2 SYSTEMPATH\View\View.php(234): include('C:\\laragon\\www\\framework\\app\\Views\\stats.php')
 3 SYSTEMPATH\View\View.php(237): CodeIgniter\View\View->CodeIgniter\View\{closure}()
 4 SYSTEMPATH\Common.php(1169): CodeIgniter\View\View->render('stats', [], true)
 5 APPPATH\Controllers\Main.php(366): view('stats', [...])
 6 SYSTEMPATH\CodeIgniter.php(933): App\Controllers\Main->stats()
 7 SYSTEMPATH\CodeIgniter.php(509): CodeIgniter\CodeIgniter->runController(Object(App\Controllers\Main))
 8 SYSTEMPATH\CodeIgniter.php(355): CodeIgniter\CodeIgniter->handleRequest(null, Object(Config\Cache), false)
 9 SYSTEMPATH\Boot.php(325): CodeIgniter\CodeIgniter->run()
10 SYSTEMPATH\Boot.php(67): CodeIgniter\Boot::runCodeIgniter(Object(CodeIgniter\CodeIgniter))
11 FCPATH\index.php(56): CodeIgniter\Boot::bootWeb(Object(Config\Paths))
INFO - 2024-08-20 19:00:28 --> Session: Class initialized using 'CodeIgniter\Session\Handlers\FileHandler' driver.
INFO - 2024-08-20 19:01:30 --> Session: Class initialized using 'CodeIgniter\Session\Handlers\FileHandler' driver.
CRITICAL - 2024-08-20 19:04:17 --> ErrorException: Undefined variable $chart
[Method: GET, Route: stats]
in APPPATH\Views\stats.php on line 32.
 1 APPPATH\Views\stats.php(32): CodeIgniter\Debug\Exceptions->errorHandler(2, 'Undefined variable $chart', 'C:\\laragon\\www\\framework\\app\\Views\\stats.php', 32)
 2 SYSTEMPATH\View\View.php(234): include('C:\\laragon\\www\\framework\\app\\Views\\stats.php')
 3 SYSTEMPATH\View\View.php(237): CodeIgniter\View\View->CodeIgniter\View\{closure}()
 4 SYSTEMPATH\Common.php(1169): CodeIgniter\View\View->render('stats', [], true)
 5 APPPATH\Controllers\Main.php(366): view('stats', [...])
 6 SYSTEMPATH\CodeIgniter.php(933): App\Controllers\Main->stats()
 7 SYSTEMPATH\CodeIgniter.php(509): CodeIgniter\CodeIgniter->runController(Object(App\Controllers\Main))
 8 SYSTEMPATH\CodeIgniter.php(355): CodeIgniter\CodeIgniter->handleRequest(null, Object(Config\Cache), false)
 9 SYSTEMPATH\Boot.php(325): CodeIgniter\CodeIgniter->run()
10 SYSTEMPATH\Boot.php(67): CodeIgniter\Boot::runCodeIgniter(Object(CodeIgniter\CodeIgniter))
11 FCPATH\index.php(56): CodeIgniter\Boot::bootWeb(Object(Config\Paths))
CRITICAL - 2024-08-20 19:04:31 --> ErrorException: Undefined array key "opcao"
[Method: GET, Route: stats]
in APPPATH\Views\stats.php on line 32.
 1 APPPATH\Views\stats.php(32): CodeIgniter\Debug\Exceptions->errorHandler(2, 'Undefined array key "opcao"', 'C:\\laragon\\www\\framework\\app\\Views\\stats.php', 32)
 2 SYSTEMPATH\View\View.php(234): include('C:\\laragon\\www\\framework\\app\\Views\\stats.php')
 3 SYSTEMPATH\View\View.php(237): CodeIgniter\View\View->CodeIgniter\View\{closure}()
 4 SYSTEMPATH\Common.php(1169): CodeIgniter\View\View->render('stats', [], true)
 5 APPPATH\Controllers\Main.php(366): view('stats', [...])
 6 SYSTEMPATH\CodeIgniter.php(933): App\Controllers\Main->stats()
 7 SYSTEMPATH\CodeIgniter.php(509): CodeIgniter\CodeIgniter->runController(Object(App\Controllers\Main))
 8 SYSTEMPATH\CodeIgniter.php(355): CodeIgniter\CodeIgniter->handleRequest(null, Object(Config\Cache), false)
 9 SYSTEMPATH\Boot.php(325): CodeIgniter\CodeIgniter->run()
10 SYSTEMPATH\Boot.php(67): CodeIgniter\Boot::runCodeIgniter(Object(CodeIgniter\CodeIgniter))
11 FCPATH\index.php(56): CodeIgniter\Boot::bootWeb(Object(Config\Paths))
CRITICAL - 2024-08-20 19:04:50 --> ErrorException: Attempt to read property "opcao" on array
[Method: GET, Route: stats]
in APPPATH\Views\stats.php on line 32.
 1 APPPATH\Views\stats.php(32): CodeIgniter\Debug\Exceptions->errorHandler(2, 'Attempt to read property "opcao" on array', 'C:\\laragon\\www\\framework\\app\\Views\\stats.php', 32)
 2 SYSTEMPATH\View\View.php(234): include('C:\\laragon\\www\\framework\\app\\Views\\stats.php')
 3 SYSTEMPATH\View\View.php(237): CodeIgniter\View\View->CodeIgniter\View\{closure}()
 4 SYSTEMPATH\Common.php(1169): CodeIgniter\View\View->render('stats', [], true)
 5 APPPATH\Controllers\Main.php(366): view('stats', [...])
 6 SYSTEMPATH\CodeIgniter.php(933): App\Controllers\Main->stats()
 7 SYSTEMPATH\CodeIgniter.php(509): CodeIgniter\CodeIgniter->runController(Object(App\Controllers\Main))
 8 SYSTEMPATH\CodeIgniter.php(355): CodeIgniter\CodeIgniter->handleRequest(null, Object(Config\Cache), false)
 9 SYSTEMPATH\Boot.php(325): CodeIgniter\CodeIgniter->run()
10 SYSTEMPATH\Boot.php(67): CodeIgniter\Boot::runCodeIgniter(Object(CodeIgniter\CodeIgniter))
11 FCPATH\index.php(56): CodeIgniter\Boot::bootWeb(Object(Config\Paths))
CRITICAL - 2024-08-20 19:05:01 --> ErrorException: Array to string conversion
[Method: GET, Route: stats]
in APPPATH\Views\stats.php on line 32.
 1 APPPATH\Views\stats.php(32): CodeIgniter\Debug\Exceptions->errorHandler(2, 'Array to string conversion', 'C:\\laragon\\www\\framework\\app\\Views\\stats.php', 32)
 2 SYSTEMPATH\View\View.php(234): include('C:\\laragon\\www\\framework\\app\\Views\\stats.php')
 3 SYSTEMPATH\View\View.php(237): CodeIgniter\View\View->CodeIgniter\View\{closure}()
 4 SYSTEMPATH\Common.php(1169): CodeIgniter\View\View->render('stats', [], true)
 5 APPPATH\Controllers\Main.php(366): view('stats', [...])
 6 SYSTEMPATH\CodeIgniter.php(933): App\Controllers\Main->stats()
 7 SYSTEMPATH\CodeIgniter.php(509): CodeIgniter\CodeIgniter->runController(Object(App\Controllers\Main))
 8 SYSTEMPATH\CodeIgniter.php(355): CodeIgniter\CodeIgniter->handleRequest(null, Object(Config\Cache), false)
 9 SYSTEMPATH\Boot.php(325): CodeIgniter\CodeIgniter->run()
10 SYSTEMPATH\Boot.php(67): CodeIgniter\Boot::runCodeIgniter(Object(CodeIgniter\CodeIgniter))
11 FCPATH\index.php(56): CodeIgniter\Boot::bootWeb(Object(Config\Paths))
CRITICAL - 2024-08-20 19:05:03 --> ErrorException: Array to string conversion
[Method: GET, Route: stats]
in APPPATH\Views\stats.php on line 32.
 1 APPPATH\Views\stats.php(32): CodeIgniter\Debug\Exceptions->errorHandler(2, 'Array to string conversion', 'C:\\laragon\\www\\framework\\app\\Views\\stats.php', 32)
 2 SYSTEMPATH\View\View.php(234): include('C:\\laragon\\www\\framework\\app\\Views\\stats.php')
 3 SYSTEMPATH\View\View.php(237): CodeIgniter\View\View->CodeIgniter\View\{closure}()
 4 SYSTEMPATH\Common.php(1169): CodeIgniter\View\View->render('stats', [], true)
 5 APPPATH\Controllers\Main.php(366): view('stats', [...])
 6 SYSTEMPATH\CodeIgniter.php(933): App\Controllers\Main->stats()
 7 SYSTEMPATH\CodeIgniter.php(509): CodeIgniter\CodeIgniter->runController(Object(App\Controllers\Main))
 8 SYSTEMPATH\CodeIgniter.php(355): CodeIgniter\CodeIgniter->handleRequest(null, Object(Config\Cache), false)
 9 SYSTEMPATH\Boot.php(325): CodeIgniter\CodeIgniter->run()
10 SYSTEMPATH\Boot.php(67): CodeIgniter\Boot::runCodeIgniter(Object(CodeIgniter\CodeIgniter))
11 FCPATH\index.php(56): CodeIgniter\Boot::bootWeb(Object(Config\Paths))
INFO - 2024-08-20 19:05:20 --> Session: Class initialized using 'CodeIgniter\Session\Handlers\FileHandler' driver.
INFO - 2024-08-20 19:06:59 --> Session: Class initialized using 'CodeIgniter\Session\Handlers\FileHandler' driver.
INFO - 2024-08-20 19:07:02 --> Session: Class initialized using 'CodeIgniter\Session\Handlers\FileHandler' driver.
INFO - 2024-08-20 19:07:03 --> Session: Class initialized using 'CodeIgniter\Session\Handlers\FileHandler' driver.
INFO - 2024-08-20 19:07:13 --> Session: Class initialized using 'CodeIgniter\Session\Handlers\FileHandler' driver.
INFO - 2024-08-20 19:07:19 --> Session: Class initialized using 'CodeIgniter\Session\Handlers\FileHandler' driver.
INFO - 2024-08-20 19:07:20 --> Session: Class initialized using 'CodeIgniter\Session\Handlers\FileHandler' driver.
INFO - 2024-08-20 19:07:32 --> Session: Class initialized using 'CodeIgniter\Session\Handlers\FileHandler' driver.
INFO - 2024-08-20 19:07:32 --> Session: Class initialized using 'CodeIgniter\Session\Handlers\FileHandler' driver.
INFO - 2024-08-20 19:07:36 --> Session: Class initialized using 'CodeIgniter\Session\Handlers\FileHandler' driver.
INFO - 2024-08-20 19:07:49 --> Session: Class initialized using 'CodeIgniter\Session\Handlers\FileHandler' driver.
INFO - 2024-08-20 19:07:49 --> Session: Class initialized using 'CodeIgniter\Session\Handlers\FileHandler' driver.
